This is pdfTeX, Version 3.14159265-2.6-1.40.20 (TeX Live 2019/Debian) (preloaded format=pdflatex 2024.10.30)  20 NOV 2024 17:26
entering extended mode
 restricted \write18 enabled.
 %&-line parsing enabled.
**build/template.tex
(./build/template.tex
LaTeX2e <2020-02-02> patch level 2
L3 programming layer <2020-02-14>

! LaTeX Error: Missing \begin{document}.

See the LaTeX manual or LaTeX Companion for explanation.
Type  H <return>  for immediate help.
 ...                                              
                                                  
l.1      m
          agasin nom_magasin  ...       ca quantite
You're in trouble here.  Try typing  <return>  to proceed.
If that doesn't work, type  X <return>  to quit.

Missing character: There is no m in font nullfont!
Missing character: There is no a in font nullfont!
Missing character: There is no g in font nullfont!
Missing character: There is no a in font nullfont!
Missing character: There is no s in font nullfont!
Missing character: There is no i in font nullfont!
Missing character: There is no n in font nullfont!
Missing character: There is no n in font nullfont!
Missing character: There is no o in font nullfont!
Missing character: There is no m in font nullfont!
! Missing $ inserted.
<inserted text> 
                $
l.1      magasin nom_
                     magasin  ...       ca quantite
I've inserted a begin-math/end-math symbol since I think
you left one out. Proceed, with fingers crossed.

LaTeX Font Info:    External font `cmex10' loaded for size
(Font)              <7> on input line 1.
LaTeX Font Info:    External font `cmex10' loaded for size
(Font)              <5> on input line 1.
! Missing $ inserted.
<inserted text> 
                $
l.13 
     
I've inserted a begin-math/end-math symbol since I think
you left one out. Proceed, with fingers crossed.


Overfull \hbox (20.0pt too wide) in paragraph at lines 1--13
[]
 []


Overfull \hbox (851.1577pt too wide) in paragraph at lines 1--13
[]\OML/cmm/m/it/10 agasin:::caquantite\OT1/cmr/m/n/10 01\OML/cmm/m/it/10 A:::\O
T1/cmr/m/n/10 60\OML/cmm/m/it/10 :\OT1/cmr/m/n/10 0002011\OML/cmm/m/it/10 A:::\
OT1/cmr/m/n/10 520\OML/cmm/m/it/10 :\OT1/cmr/m/n/10 00017321\OML/cmm/m/it/10 A:
::\OT1/cmr/m/n/10 558\OML/cmm/m/it/10 :\OT1/cmr/m/n/10 00015531\OML/cmm/m/it/10
 A:::\OT1/cmr/m/n/10 98\OML/cmm/m/it/10 :\OT1/cmr/m/n/10 0006541\OML/cmm/m/it/1
0 A:::\OT1/cmr/m/n/10 68\OML/cmm/m/it/10 :\OT1/cmr/m/n/10 82029\OML/cmm/m/it/10
 :::::::::::::::::\OT1/cmr/m/n/10 2244\OML/cmm/m/it/10 D:::\OT1/cmr/m/n/10 24\O
ML/cmm/m/it/10 :\OT1/cmr/m/n/10 966162254\OML/cmm/m/it/10 D:::\OT1/cmr/m/n/10 2
1\OML/cmm/m/it/10 :\OT1/cmr/m/n/10 400142264\OML/cmm/m/it/10 D:::\OT1/cmr/m/n/1
0 95\OML/cmm/m/it/10 :\OT1/cmr/m/n/10 026382274\OML/cmm/m/it/10 D:::\OT1/cmr/m/
n/10 95\OML/cmm/m/it/10 :\OT1/cmr/m/n/10 026382284\OML/cmm/m/it/10 D:::\OT1/cmr
/m/n/10 35\OML/cmm/m/it/10 :\OT1/cmr/m/n/10 37718$ 
 []


! LaTeX Error: Missing \begin{document}.

See the LaTeX manual or LaTeX Companion for explanation.
Type  H <return>  for immediate help.
 ...                                              
                                                  
l.14 [
      229 rows x 11 columns]
You're in trouble here.  Try typing  <return>  to proceed.
If that doesn't work, type  X <return>  to quit.

Missing character: There is no [ in font nullfont!
Missing character: There is no 2 in font nullfont!
Missing character: There is no 2 in font nullfont!
Missing character: There is no 9 in font nullfont!
Missing character: There is no r in font nullfont!
Missing character: There is no o in font nullfont!
Missing character: There is no w in font nullfont!
Missing character: There is no s in font nullfont!
Missing character: There is no x in font nullfont!
Missing character: There is no 1 in font nullfont!
Missing character: There is no 1 in font nullfont!
Missing character: There is no c in font nullfont!
Missing character: There is no o in font nullfont!
Missing character: There is no l in font nullfont!
Missing character: There is no u in font nullfont!
Missing character: There is no m in font nullfont!
Missing character: There is no n in font nullfont!
Missing character: There is no s in font nullfont!
Missing character: There is no ] in font nullfont!
)
! Emergency stop.
<*> build/template.tex
                      
*** (job aborted, no legal \end found)

 
Here is how much of TeX's memory you used:
 19 strings out of 483183
 445 string characters out of 5966291
 231602 words of memory out of 5000000
 15135 multiletter control sequences out of 15000+600000
 532338 words of font info for 24 fonts, out of 8000000 for 9000
 14 hyphenation exceptions out of 8191
 18i,1n,15p,97b,56s stack positions out of 5000i,500n,10000p,200000b,80000s
!  ==> Fatal error occurred, no output PDF file produced!
